<?xml version="1.0" encoding="UTF-8"?>
<!-- Generated by org.testng.reporters.JUnitReportReporter -->
<testsuite hostname="Suraj-Pc" failures="0" tests="3" name="testcases.Login_test_1" time="46.961" errors="0" timestamp="12 Sep 2023 05:54:28 GMT">
  <testcase classname="testcases.Login_test_1" name="invalid" time="17.598"/>
  <testcase classname="testcases.Login_test_1" name="emptyUsername" time="14.591"/>
  <testcase classname="testcases.Login_test_1" name="valid" time="14.772"/>
</testsuite> <!-- testcases.Login_test_1 -->
